<?xml version="1.0" encoding="UTF-8"?>
<!-- Generated by org.testng.reporters.JUnitReportReporter -->
<testsuite hostname="DESKTOP-Q1L6HEK" failures="0" tests="6" name="SeleniumTesting.ListenersEx.BasicLoginTest" time="196.064" errors="0" timestamp="2025-11-21T13:36:23 IST" skipped="0">
  <testcase classname="SeleniumTesting.ListenersEx.BasicLoginTest" name="login" time="25.521"/>
  <testcase classname="SeleniumTesting.ListenersEx.BasicLoginTest" name="login" time="31.110"/>
  <testcase classname="SeleniumTesting.ListenersEx.BasicLoginTest" name="login" time="35.229"/>
  <testcase classname="SeleniumTesting.ListenersEx.BasicLoginTest" name="login" time="33.367"/>
  <testcase classname="SeleniumTesting.ListenersEx.BasicLoginTest" name="login" time="28.915"/>
  <testcase classname="SeleniumTesting.ListenersEx.BasicLoginTest" name="login" time="41.922"/>
</testsuite> <!-- SeleniumTesting.ListenersEx.BasicLoginTest -->
