<?xml version="1.0" encoding="UTF-8"?>
<testsuite xmlns:xsi="http://www.w3.org/2001/XMLSchema-instance" xsi:noNamespaceSchemaLocation="https://maven.apache.org/surefire/maven-surefire-plugin/xsd/surefire-test-report.xsd" version="3.0.2" name="TestSuite" time="36.113" tests="6" errors="0" skipped="0" failures="0">
  <properties>
[...]
</properties>
  <testcase name="login[org.example.FileHandling.csvExample.User@6a08785d](1)" classname="SeleniumTesting.ListenersEx.BasicLoginTest" time="0.653">
    <system-out><![CDATA[6 2
[standard_user, secret_sauce]
standard_user
secret_sauce
[performance_glitch_user, secret_sauce]
performance_glitch_user
secret_sauce
[standard_user, secret_sauce]
standard_user
secret_sauce
[performance_glitch_user, secret_sauce]
performance_glitch_user
secret_sauce
[standard_user, secret_sauce]
standard_user
secret_sauce
[standard_user, secret_sauce]
standard_user
secret_sauce
[standard_user, secret_sauce]
[performance_glitch_user, secret_sauce]
[standard_user, secret_sauce]
[performance_glitch_user, secret_sauce]
[standard_user, secret_sauce]
[standard_user, secret_sauce]
]]></system-out>
    <system-err><![CDATA[SLF4J: Failed to load class "org.slf4j.impl.StaticLoggerBinder".
SLF4J: Defaulting to no-operation (NOP) logger implementation
SLF4J: See http://www.slf4j.org/codes.html#StaticLoggerBinder for further details.
]]></system-err>
  </testcase>
  <testcase name="login[org.example.FileHandling.csvExample.User@4d66c93e](2)" classname="SeleniumTesting.ListenersEx.BasicLoginTest" time="3.636"/>
  <testcase name="login[org.example.FileHandling.csvExample.User@1b30766f](3)" classname="SeleniumTesting.ListenersEx.BasicLoginTest" time="3.736"/>
  <testcase name="login[org.example.FileHandling.csvExample.User@244ea5b7](4)" classname="SeleniumTesting.ListenersEx.BasicLoginTest" time="5.279"/>
  <testcase name="login[org.example.FileHandling.csvExample.User@6f36ab6c](5)" classname="SeleniumTesting.ListenersEx.BasicLoginTest" time="8.318"/>
  <testcase name="login[org.example.FileHandling.csvExample.User@6122a5c0](6)" classname="SeleniumTesting.ListenersEx.BasicLoginTest" time="11.271"/>
</testsuite>