<?xml version="1.0" encoding="UTF-8"?>
<!-- Generated by org.testng.reporters.JUnitXMLReporter -->
<testsuite ignored="0" hostname="DESKTOP-Q1L6HEK" failures="0" tests="6" name="t2" time="35.104" errors="0" timestamp="2025-11-21T13:36:23 IST">
  <testcase classname="SeleniumTesting.ListenersEx.BasicLoginTest" name="login" time="2.494"/>
  <testcase classname="SeleniumTesting.ListenersEx.BasicLoginTest" name="login" time="4.175"/>
  <testcase classname="SeleniumTesting.ListenersEx.BasicLoginTest" name="login" time="3.782"/>
  <testcase classname="SeleniumTesting.ListenersEx.BasicLoginTest" name="login" time="6.021"/>
  <testcase classname="SeleniumTesting.ListenersEx.BasicLoginTest" name="login" time="8.841"/>
  <testcase classname="SeleniumTesting.ListenersEx.BasicLoginTest" name="login" time="11.273"/>
</testsuite> <!-- t2 -->
